<?xml version="1.0" encoding="UTF-8"?>
<testsuite name="com.hyunbin.springboot.web.HelloControllerTest" tests="2" skipped="0" failures="0" errors="0" timestamp="2020-03-12T15:43:29" hostname="DESKTOP-IOMDGNM" time="0.543">
  <properties/>
  <testcase name="helloReturn" classname="com.hyunbin.springboot.web.HelloControllerTest" time="0.228"/>
  <testcase name="helloDtoReturn" classname="com.hyunbin.springboot.web.HelloControllerTest" time="0.314"/>
  <system-out><![CDATA[2020-03-13 00:43:26.517  INFO 36056 --- [    Test worker] .b.t.a.w.s.WebMvcTestContextBootstrapper : Neither @ContextConfiguration nor @ContextHierarchy found for test class [com.hyunbin.springboot.web.HelloControllerTest], using SpringBootContextLoader
2020-03-13 00:43:26.522  INFO 36056 --- [    Test worker] o.s.t.c.support.AbstractContextLoader    : Could not detect default resource locations for test class [com.hyunbin.springboot.web.HelloControllerTest]: no resource found for suffixes {-context.xml, Context.groovy}.
2020-03-13 00:43:26.522  INFO 36056 --- [    Test worker] t.c.s.AnnotationConfigContextLoaderUtils : Could not detect default configuration classes for test class [com.hyunbin.springboot.web.HelloControllerTest]: HelloControllerTest does not declare any static, non-private, non-final, nested classes annotated with @Configuration.
2020-03-13 00:43:26.601  INFO 36056 --- [    Test worker] .b.t.c.SpringBootTestContextBootstrapper : Found @SpringBootConfiguration com.hyunbin.springboot.Application for test class com.hyunbin.springboot.web.HelloControllerTest
2020-03-13 00:43:26.602  INFO 36056 --- [    Test worker] .b.t.a.w.s.WebMvcTestContextBootstrapper : Loaded default TestExecutionListener class names from location [META-INF/spring.factories]: [org.springframework.security.test.context.support.WithSecurityContextTestExecutionListener, org.springframework.security.test.context.support.ReactorContextTestExecutionListener, org.springframework.boot.test.autoconfigure.restdocs.RestDocsTestExecutionListener, org.springframework.boot.test.autoconfigure.web.client.MockRestServiceServerResetTestExecutionListener, org.springframework.boot.test.autoconfigure.web.servlet.MockMvcPrintOnlyOnFailureTestExecutionListener, org.springframework.boot.test.autoconfigure.web.servlet.WebDriverTestExecutionListener, org.springframework.boot.test.mock.mockito.MockitoTestExecutionListener, org.springframework.boot.test.mock.mockito.ResetMocksTestExecutionListener, org.springframework.test.context.web.ServletTestExecutionListener, org.springframework.test.context.support.DirtiesContextBeforeModesTestExecutionListener, org.springframework.test.context.support.DependencyInjectionTestExecutionListener, org.springframework.test.context.support.DirtiesContextTestExecutionListener, org.springframework.test.context.transaction.TransactionalTestExecutionListener, org.springframework.test.context.jdbc.SqlScriptsTestExecutionListener]
2020-03-13 00:43:26.606  INFO 36056 --- [    Test worker] .b.t.a.w.s.WebMvcTestContextBootstrapper : Using TestExecutionListeners: [org.springframework.test.context.web.ServletTestExecutionListener@6050801f, org.springframework.test.context.support.DirtiesContextBeforeModesTestExecutionListener@40a73c6e, org.springframework.boot.test.mock.mockito.MockitoTestExecutionListener@d918f28, org.springframework.boot.test.autoconfigure.SpringBootDependencyInjectionTestExecutionListener@53418b95, org.springframework.test.context.support.DirtiesContextTestExecutionListener@3775b99a, org.springframework.test.context.transaction.TransactionalTestExecutionListener@4e48a756, org.springframework.test.context.jdbc.SqlScriptsTestExecutionListener@4fa19978, org.springframework.security.test.context.support.WithSecurityContextTestExecutionListener@1063be3a, org.springframework.security.test.context.support.ReactorContextTestExecutionListener@ac06cc5, org.springframework.boot.test.autoconfigure.restdocs.RestDocsTestExecutionListener@13908dc, org.springframework.boot.test.autoconfigure.web.client.MockRestServiceServerResetTestExecutionListener@42902bda, org.springframework.boot.test.autoconfigure.web.servlet.MockMvcPrintOnlyOnFailureTestExecutionListener@4f0fdfdc, org.springframework.boot.test.autoconfigure.web.servlet.WebDriverTestExecutionListener@46a034bc, org.springframework.boot.test.mock.mockito.ResetMocksTestExecutionListener@f96ab5c]

  .   ____          _            __ _ _
 /\\ / ___'_ __ _ _(_)_ __  __ _ \ \ \ \
( ( )\___ | '_ | '_| | '_ \/ _` | \ \ \ \
 \\/  ___)| |_)| | | | | || (_| |  ) ) ) )
  '  |____| .__|_| |_|_| |_\__, | / / / /
 =========|_|==============|___/=/_/_/_/
 :: Spring Boot ::        (v2.1.9.RELEASE)

2020-03-13 00:43:26.726  INFO 36056 --- [    Test worker] c.h.springboot.web.HelloControllerTest   : Starting HelloControllerTest on DESKTOP-IOMDGNM with PID 36056 (started by darre in C:\Users\darre\IdeaProjects\springboot-aws)
2020-03-13 00:43:26.729  INFO 36056 --- [    Test worker] c.h.springboot.web.HelloControllerTest   : No active profile set, falling back to default profiles: default
2020-03-13 00:43:28.004  INFO 36056 --- [    Test worker] o.s.s.concurrent.ThreadPoolTaskExecutor  : Initializing ExecutorService 'applicationTaskExecutor'
2020-03-13 00:43:28.112  INFO 36056 --- [    Test worker] o.s.b.a.w.s.WelcomePageHandlerMapping    : Adding welcome page template: index
2020-03-13 00:43:28.768  INFO 36056 --- [    Test worker] .s.s.UserDetailsServiceAutoConfiguration : 

Using generated security password: e02c5531-357f-49aa-85fa-14bd45918793

2020-03-13 00:43:29.227  INFO 36056 --- [    Test worker] o.s.s.web.DefaultSecurityFilterChain     : Creating filter chain: any request, [org.springframework.security.web.context.request.async.WebAsyncManagerIntegrationFilter@6323a24, org.springframework.security.web.context.SecurityContextPersistenceFilter@70f888dc, org.springframework.security.web.header.HeaderWriterFilter@62351139, org.springframework.security.web.csrf.CsrfFilter@43b4f899, org.springframework.security.web.authentication.logout.LogoutFilter@1f7ef890, org.springframework.security.web.authentication.UsernamePasswordAuthenticationFilter@6feca3d0, org.springframework.security.web.authentication.ui.DefaultLoginPageGeneratingFilter@524079ab, org.springframework.security.web.authentication.ui.DefaultLogoutPageGeneratingFilter@75f6b9e8, org.springframework.security.web.authentication.www.BasicAuthenticationFilter@6fea09ef, org.springframework.security.web.savedrequest.RequestCacheAwareFilter@14f5a73e, org.springframework.security.web.servletapi.SecurityContextHolderAwareRequestFilter@5e83d040, org.springframework.security.web.authentication.AnonymousAuthenticationFilter@4aec63c8, org.springframework.security.web.session.SessionManagementFilter@6a15dd6, org.springframework.security.web.access.ExceptionTranslationFilter@7ec70a5, org.springframework.security.web.access.intercept.FilterSecurityInterceptor@33ad47bf]
2020-03-13 00:43:29.335  INFO 36056 --- [    Test worker] o.s.b.t.m.w.SpringBootMockServletContext : Initializing Spring TestDispatcherServlet ''
2020-03-13 00:43:29.336  INFO 36056 --- [    Test worker] o.s.t.web.servlet.TestDispatcherServlet  : Initializing Servlet ''
2020-03-13 00:43:29.378  INFO 36056 --- [    Test worker] o.s.t.web.servlet.TestDispatcherServlet  : Completed initialization in 42 ms
2020-03-13 00:43:29.477  INFO 36056 --- [    Test worker] c.h.springboot.web.HelloControllerTest   : Started HelloControllerTest in 2.865 seconds (JVM running for 18.357)
]]></system-out>
  <system-err><![CDATA[]]></system-err>
</testsuite>
