<?xml version="1.0" encoding="UTF-8"?>
<testsuite name="com.hyunbin.springboot.domain.posts.PostsRepositoryTest" tests="2" skipped="0" failures="0" errors="0" timestamp="2020-03-03T16:29:43" hostname="DESKTOP-IOMDGNM" time="0.314">
  <properties/>
  <testcase name="registerBaseTimeEntity" classname="com.hyunbin.springboot.domain.posts.PostsRepositoryTest" time="0.297"/>
  <testcase name="getPosts" classname="com.hyunbin.springboot.domain.posts.PostsRepositoryTest" time="0.016"/>
  <system-out><![CDATA[2020-03-04 01:29:36.868  INFO 28488 --- [    Test worker] .b.t.c.SpringBootTestContextBootstrapper : Neither @ContextConfiguration nor @ContextHierarchy found for test class [com.hyunbin.springboot.domain.posts.PostsRepositoryTest], using SpringBootContextLoader
2020-03-04 01:29:36.869  INFO 28488 --- [    Test worker] o.s.t.c.support.AbstractContextLoader    : Could not detect default resource locations for test class [com.hyunbin.springboot.domain.posts.PostsRepositoryTest]: no resource found for suffixes {-context.xml, Context.groovy}.
2020-03-04 01:29:36.869  INFO 28488 --- [    Test worker] t.c.s.AnnotationConfigContextLoaderUtils : Could not detect default configuration classes for test class [com.hyunbin.springboot.domain.posts.PostsRepositoryTest]: PostsRepositoryTest does not declare any static, non-private, non-final, nested classes annotated with @Configuration.
2020-03-04 01:29:36.889  INFO 28488 --- [    Test worker] .b.t.c.SpringBootTestContextBootstrapper : Found @SpringBootConfiguration com.hyunbin.springboot.Application for test class com.hyunbin.springboot.domain.posts.PostsRepositoryTest
2020-03-04 01:29:36.892  INFO 28488 --- [    Test worker] .b.t.c.SpringBootTestContextBootstrapper : Loaded default TestExecutionListener class names from location [META-INF/spring.factories]: [org.springframework.security.test.context.support.WithSecurityContextTestExecutionListener, org.springframework.security.test.context.support.ReactorContextTestExecutionListener, org.springframework.boot.test.autoconfigure.restdocs.RestDocsTestExecutionListener, org.springframework.boot.test.autoconfigure.web.client.MockRestServiceServerResetTestExecutionListener, org.springframework.boot.test.autoconfigure.web.servlet.MockMvcPrintOnlyOnFailureTestExecutionListener, org.springframework.boot.test.autoconfigure.web.servlet.WebDriverTestExecutionListener, org.springframework.boot.test.mock.mockito.MockitoTestExecutionListener, org.springframework.boot.test.mock.mockito.ResetMocksTestExecutionListener, org.springframework.test.context.web.ServletTestExecutionListener, org.springframework.test.context.support.DirtiesContextBeforeModesTestExecutionListener, org.springframework.test.context.support.DependencyInjectionTestExecutionListener, org.springframework.test.context.support.DirtiesContextTestExecutionListener, org.springframework.test.context.transaction.TransactionalTestExecutionListener, org.springframework.test.context.jdbc.SqlScriptsTestExecutionListener]
2020-03-04 01:29:36.894  INFO 28488 --- [    Test worker] .b.t.c.SpringBootTestContextBootstrapper : Using TestExecutionListeners: [org.springframework.test.context.web.ServletTestExecutionListener@27e90f15, org.springframework.test.context.support.DirtiesContextBeforeModesTestExecutionListener@1e7e4cb1, org.springframework.boot.test.mock.mockito.MockitoTestExecutionListener@30fa1f9f, org.springframework.boot.test.autoconfigure.SpringBootDependencyInjectionTestExecutionListener@39daad9f, org.springframework.test.context.support.DirtiesContextTestExecutionListener@56a48c16, org.springframework.test.context.transaction.TransactionalTestExecutionListener@3a5359b7, org.springframework.test.context.jdbc.SqlScriptsTestExecutionListener@5ab5af85, org.springframework.security.test.context.support.WithSecurityContextTestExecutionListener@366f4719, org.springframework.security.test.context.support.ReactorContextTestExecutionListener@44d9b9fe, org.springframework.boot.test.autoconfigure.restdocs.RestDocsTestExecutionListener@6467ce33, org.springframework.boot.test.autoconfigure.web.client.MockRestServiceServerResetTestExecutionListener@13598cbd, org.springframework.boot.test.autoconfigure.web.servlet.MockMvcPrintOnlyOnFailureTestExecutionListener@5f424640, org.springframework.boot.test.autoconfigure.web.servlet.WebDriverTestExecutionListener@56dd021f, org.springframework.boot.test.mock.mockito.ResetMocksTestExecutionListener@c9148a1]

  .   ____          _            __ _ _
 /\\ / ___'_ __ _ _(_)_ __  __ _ \ \ \ \
( ( )\___ | '_ | '_| | '_ \/ _` | \ \ \ \
 \\/  ___)| |_)| | | | | || (_| |  ) ) ) )
  '  |____| .__|_| |_|_| |_\__, | / / / /
 =========|_|==============|___/=/_/_/_/
 :: Spring Boot ::        (v2.1.9.RELEASE)

2020-03-04 01:29:36.949  INFO 28488 --- [    Test worker] c.h.s.domain.posts.PostsRepositoryTest   : Starting PostsRepositoryTest on DESKTOP-IOMDGNM with PID 28488 (started by darre in C:\Users\darre\IdeaProjects\springboot-aws)
2020-03-04 01:29:36.950  INFO 28488 --- [    Test worker] c.h.s.domain.posts.PostsRepositoryTest   : No active profile set, falling back to default profiles: default
2020-03-04 01:29:37.601  INFO 28488 --- [    Test worker] .s.d.r.c.RepositoryConfigurationDelegate : Bootstrapping Spring Data repositories in DEFAULT mode.
2020-03-04 01:29:37.717  INFO 28488 --- [    Test worker] .s.d.r.c.RepositoryConfigurationDelegate : Finished Spring Data repository scanning in 103ms. Found 2 repository interfaces.
2020-03-04 01:29:38.143  INFO 28488 --- [    Test worker] trationDelegate$BeanPostProcessorChecker : Bean 'org.springframework.transaction.annotation.ProxyTransactionManagementConfiguration' of type [org.springframework.transaction.annotation.ProxyTransactionManagementConfiguration$$EnhancerBySpringCGLIB$$1075e6f7] is not eligible for getting processed by all BeanPostProcessors (for example: not eligible for auto-proxying)
2020-03-04 01:29:38.409  INFO 28488 --- [    Test worker] com.zaxxer.hikari.HikariDataSource       : HikariPool-1 - Starting...
2020-03-04 01:29:38.691  INFO 28488 --- [    Test worker] com.zaxxer.hikari.HikariDataSource       : HikariPool-1 - Start completed.
2020-03-04 01:29:38.848  INFO 28488 --- [    Test worker] o.hibernate.jpa.internal.util.LogHelper  : HHH000204: Processing PersistenceUnitInfo [
	name: default
	...]
2020-03-04 01:29:38.998  INFO 28488 --- [    Test worker] org.hibernate.Version                    : HHH000412: Hibernate Core {5.3.12.Final}
2020-03-04 01:29:39.001  INFO 28488 --- [    Test worker] org.hibernate.cfg.Environment            : HHH000206: hibernate.properties not found
2020-03-04 01:29:39.096  INFO 28488 --- [    Test worker] o.hibernate.annotations.common.Version   : HCANN000001: Hibernate Commons Annotations {5.0.4.Final}
2020-03-04 01:29:39.411  INFO 28488 --- [    Test worker] org.hibernate.dialect.Dialect            : HHH000400: Using dialect: org.hibernate.dialect.MySQL5InnoDBDialect
Hibernate: drop table if exists posts
Hibernate: drop table if exists user
Hibernate: create table posts (id bigint not null auto_increment, created_date datetime, modified_date datetime, author varchar(255), content TEXT not null, title varchar(500) not null, primary key (id)) engine=InnoDB
Hibernate: create table user (id bigint not null auto_increment, created_date datetime, modified_date datetime, email varchar(255) not null, name varchar(255) not null, picture varchar(255), role varchar(255) not null, primary key (id)) engine=InnoDB
2020-03-04 01:29:40.759  INFO 28488 --- [    Test worker] o.h.t.schema.internal.SchemaCreatorImpl  : HHH000476: Executing import script 'org.hibernate.tool.schema.internal.exec.ScriptSourceInputNonExistentImpl@39888066'
2020-03-04 01:29:40.763  INFO 28488 --- [    Test worker] j.LocalContainerEntityManagerFactoryBean : Initialized JPA EntityManagerFactory for persistence unit 'default'
2020-03-04 01:29:41.620  INFO 28488 --- [    Test worker] o.h.h.i.QueryTranslatorFactoryInitiator  : HHH000397: Using ASTQueryTranslatorFactory
2020-03-04 01:29:42.145  INFO 28488 --- [    Test worker] o.s.s.web.DefaultSecurityFilterChain     : Creating filter chain: any request, [org.springframework.security.web.context.request.async.WebAsyncManagerIntegrationFilter@39053750, org.springframework.security.web.context.SecurityContextPersistenceFilter@2469cc63, org.springframework.security.web.header.HeaderWriterFilter@68cca82e, org.springframework.security.web.authentication.logout.LogoutFilter@67d2c5c7, org.springframework.security.oauth2.client.web.OAuth2AuthorizationRequestRedirectFilter@1410def8, org.springframework.security.oauth2.client.web.OAuth2LoginAuthenticationFilter@4dab9dd, org.springframework.security.web.authentication.ui.DefaultLoginPageGeneratingFilter@db21ac6, org.springframework.security.web.authentication.ui.DefaultLogoutPageGeneratingFilter@138a429e, org.springframework.security.web.savedrequest.RequestCacheAwareFilter@37ce030c, org.springframework.security.web.servletapi.SecurityContextHolderAwareRequestFilter@3a4e5003, org.springframework.security.web.authentication.AnonymousAuthenticationFilter@42cf0563, org.springframework.security.web.session.SessionManagementFilter@697bd60a, org.springframework.security.web.access.ExceptionTranslationFilter@5708979d, org.springframework.security.web.access.intercept.FilterSecurityInterceptor@4973b05d]
2020-03-04 01:29:42.791  INFO 28488 --- [    Test worker] o.s.s.concurrent.ThreadPoolTaskExecutor  : Initializing ExecutorService 'applicationTaskExecutor'
2020-03-04 01:29:42.822  WARN 28488 --- [    Test worker] aWebConfiguration$JpaWebMvcConfiguration : spring.jpa.open-in-view is enabled by default. Therefore, database queries may be performed during view rendering. Explicitly configure spring.jpa.open-in-view to disable this warning
2020-03-04 01:29:42.912  INFO 28488 --- [    Test worker] o.s.b.a.w.s.WelcomePageHandlerMapping    : Adding welcome page template: index
2020-03-04 01:29:43.635  INFO 28488 --- [    Test worker] s.a.ScheduledAnnotationBeanPostProcessor : No TaskScheduler/ScheduledExecutorService bean found for scheduled processing
2020-03-04 01:29:43.649  INFO 28488 --- [    Test worker] c.h.s.domain.posts.PostsRepositoryTest   : Started PostsRepositoryTest in 6.752 seconds (JVM running for 13.623)
Hibernate: insert into posts (created_date, modified_date, author, content, title) values (?, ?, ?, ?, ?)
Hibernate: select posts0_.id as id1_0_, posts0_.created_date as created_2_0_, posts0_.modified_date as modified3_0_, posts0_.author as author4_0_, posts0_.content as content5_0_, posts0_.title as title6_0_ from posts posts0_
>>>>>>>>>>>>>>>>> createDate=2020-03-04T01:29:43.741, modifiedDate=2020-03-04T01:29:43.741
Hibernate: select posts0_.id as id1_0_, posts0_.created_date as created_2_0_, posts0_.modified_date as modified3_0_, posts0_.author as author4_0_, posts0_.content as content5_0_, posts0_.title as title6_0_ from posts posts0_
Hibernate: delete from posts where id=?
Hibernate: insert into posts (created_date, modified_date, author, content, title) values (?, ?, ?, ?, ?)
Hibernate: select posts0_.id as id1_0_, posts0_.created_date as created_2_0_, posts0_.modified_date as modified3_0_, posts0_.author as author4_0_, posts0_.content as content5_0_, posts0_.title as title6_0_ from posts posts0_
Hibernate: select posts0_.id as id1_0_, posts0_.created_date as created_2_0_, posts0_.modified_date as modified3_0_, posts0_.author as author4_0_, posts0_.content as content5_0_, posts0_.title as title6_0_ from posts posts0_
Hibernate: delete from posts where id=?
]]></system-out>
  <system-err><![CDATA[]]></system-err>
</testsuite>
